<testsuites id="" name="" tests="8" failures="8" skipped="0" errors="0" time="56.655601000000004">
<testsuite name="restaurant-order.spec.ts" timestamp="2025-10-29T12:28:34.683Z" hostname="chromium" tests="8" failures="8" skipped="0" time="273.264" errors="0">
<testcase name="Parcours Commande Restaurant › Doit afficher la liste des restaurants" classname="restaurant-order.spec.ts" time="31.642">
<failure message="restaurant-order.spec.ts:14:3 Doit afficher la liste des restaurants" type="FAILURE">
<![CDATA[  [chromium] › restaurant-order.spec.ts:14:3 › Parcours Commande Restaurant › Doit afficher la liste des restaurants 

    Test timeout of 30000ms exceeded while running "beforeEach" hook.

       6 |  */
       7 | test.describe("Parcours Commande Restaurant", () => {
    >  8 |   test.beforeEach(async ({ page }) => {
         |        ^
       9 |     // Aller directement aux restaurants pour les tests
      10 |     await page.goto("/utilisateur/restaurant");
      11 |     await page.waitForLoadState("networkidle");
        at C:\Users\ethan\ProjectFront\projectFront\tests\e2e\restaurant-order.spec.ts:8:8

    attachment #1: screenshot (image/png) ──────────────────────────────────────────────────────────
    ..\..\test-results\restaurant-order-Parcours--568ce-er-la-liste-des-restaurants-chromium\test-failed-1.png
    ────────────────────────────────────────────────────────────────────────────────────────────────

    attachment #2: video (video/webm) ──────────────────────────────────────────────────────────────
    ..\..\test-results\restaurant-order-Parcours--568ce-er-la-liste-des-restaurants-chromium\video.webm
    ────────────────────────────────────────────────────────────────────────────────────────────────

    Error Context: ..\..\test-results\restaurant-order-Parcours--568ce-er-la-liste-des-restaurants-chromium\error-context.md
]]>
</failure>
<system-out>
<![CDATA[
[[ATTACHMENT|restaurant-order-Parcours--568ce-er-la-liste-des-restaurants-chromium\test-failed-1.png]]

[[ATTACHMENT|restaurant-order-Parcours--568ce-er-la-liste-des-restaurants-chromium\video.webm]]

[[ATTACHMENT|restaurant-order-Parcours--568ce-er-la-liste-des-restaurants-chromium\error-context.md]]
]]>
</system-out>
</testcase>
<testcase name="Parcours Commande Restaurant › Doit permettre de naviguer vers un restaurant spécifique" classname="restaurant-order.spec.ts" time="41.173">
<failure message="restaurant-order.spec.ts:27:3 Doit permettre de naviguer vers un restaurant spécifique" type="FAILURE">
<![CDATA[  [chromium] › restaurant-order.spec.ts:27:3 › Parcours Commande Restaurant › Doit permettre de naviguer vers un restaurant spécifique 

    Test timeout of 30000ms exceeded.

    Error: page.goto: net::ERR_ABORTED; maybe frame was detached?
    Call log:
      - navigating to "http://localhost:3004/utilisateur/restaurant/3", waiting until "load"


      39 |     
      40 |     // Navigation directe au lieu du clic
    > 41 |     await page.goto(linkHref!);
         |                ^
      42 |     await page.waitForLoadState("networkidle");
      43 |
      44 |     // Vérifier que nous sommes sur la page du restaurant
        at C:\Users\ethan\ProjectFront\projectFront\tests\e2e\restaurant-order.spec.ts:41:16

    attachment #1: video (video/webm) ──────────────────────────────────────────────────────────────
    ..\..\test-results\restaurant-order-Parcours--09cce-rs-un-restaurant-spécifique-chromium\video.webm
    ────────────────────────────────────────────────────────────────────────────────────────────────
]]>
</failure>
<system-out>
<![CDATA[Navigant vers: /utilisateur/restaurant/3

[[ATTACHMENT|restaurant-order-Parcours--09cce-rs-un-restaurant-spécifique-chromium\video.webm]]
]]>
</system-out>
</testcase>
<testcase name="Parcours Commande Restaurant › Doit permettre de voir les détails d&apos;un plat" classname="restaurant-order.spec.ts" time="30.98">
<failure message="restaurant-order.spec.ts:51:3 Doit permettre de voir les détails d&apos;un plat" type="FAILURE">
<![CDATA[  [chromium] › restaurant-order.spec.ts:51:3 › Parcours Commande Restaurant › Doit permettre de voir les détails d'un plat 

    Test timeout of 30000ms exceeded while running "beforeEach" hook.

       6 |  */
       7 | test.describe("Parcours Commande Restaurant", () => {
    >  8 |   test.beforeEach(async ({ page }) => {
         |        ^
       9 |     // Aller directement aux restaurants pour les tests
      10 |     await page.goto("/utilisateur/restaurant");
      11 |     await page.waitForLoadState("networkidle");
        at C:\Users\ethan\ProjectFront\projectFront\tests\e2e\restaurant-order.spec.ts:8:8

    attachment #1: screenshot (image/png) ──────────────────────────────────────────────────────────
    ..\..\test-results\restaurant-order-Parcours--064d9--voir-les-détails-d-un-plat-chromium\test-failed-1.png
    ────────────────────────────────────────────────────────────────────────────────────────────────

    attachment #2: video (video/webm) ──────────────────────────────────────────────────────────────
    ..\..\test-results\restaurant-order-Parcours--064d9--voir-les-détails-d-un-plat-chromium\video.webm
    ────────────────────────────────────────────────────────────────────────────────────────────────

    Error Context: ..\..\test-results\restaurant-order-Parcours--064d9--voir-les-détails-d-un-plat-chromium\error-context.md
]]>
</failure>
<system-out>
<![CDATA[
[[ATTACHMENT|restaurant-order-Parcours--064d9--voir-les-détails-d-un-plat-chromium\test-failed-1.png]]

[[ATTACHMENT|restaurant-order-Parcours--064d9--voir-les-détails-d-un-plat-chromium\video.webm]]

[[ATTACHMENT|restaurant-order-Parcours--064d9--voir-les-détails-d-un-plat-chromium\error-context.md]]
]]>
</system-out>
</testcase>
<testcase name="Parcours Commande Restaurant › Doit permettre d&apos;ajouter un plat au panier" classname="restaurant-order.spec.ts" time="32.302">
<failure message="restaurant-order.spec.ts:71:3 Doit permettre d&apos;ajouter un plat au panier" type="FAILURE">
<![CDATA[  [chromium] › restaurant-order.spec.ts:71:3 › Parcours Commande Restaurant › Doit permettre d'ajouter un plat au panier 

    Test timeout of 30000ms exceeded.

    Error: page.waitForLoadState: Test timeout of 30000ms exceeded.

      72 |     // Aller sur la page d'un plat
      73 |     await page.goto("/utilisateur/restaurant/1");
    > 74 |     await page.waitForLoadState("networkidle");
         |                ^
      75 |
      76 |     const firstDish = page
      77 |       .locator('[data-testid="dish-card"], .dish-card')
        at C:\Users\ethan\ProjectFront\projectFront\tests\e2e\restaurant-order.spec.ts:74:16

    attachment #1: screenshot (image/png) ──────────────────────────────────────────────────────────
    ..\..\test-results\restaurant-order-Parcours--26893-d-ajouter-un-plat-au-panier-chromium\test-failed-1.png
    ────────────────────────────────────────────────────────────────────────────────────────────────

    attachment #2: video (video/webm) ──────────────────────────────────────────────────────────────
    ..\..\test-results\restaurant-order-Parcours--26893-d-ajouter-un-plat-au-panier-chromium\video.webm
    ────────────────────────────────────────────────────────────────────────────────────────────────

    Error Context: ..\..\test-results\restaurant-order-Parcours--26893-d-ajouter-un-plat-au-panier-chromium\error-context.md
]]>
</failure>
<system-out>
<![CDATA[
[[ATTACHMENT|restaurant-order-Parcours--26893-d-ajouter-un-plat-au-panier-chromium\test-failed-1.png]]

[[ATTACHMENT|restaurant-order-Parcours--26893-d-ajouter-un-plat-au-panier-chromium\video.webm]]

[[ATTACHMENT|restaurant-order-Parcours--26893-d-ajouter-un-plat-au-panier-chromium\error-context.md]]
]]>
</system-out>
</testcase>
<testcase name="Parcours Commande Restaurant › Doit permettre de gérer les quantités depuis la page plat" classname="restaurant-order.spec.ts" time="40.908">
<failure message="restaurant-order.spec.ts:94:3 Doit permettre de gérer les quantités depuis la page plat" type="FAILURE">
<![CDATA[  [chromium] › restaurant-order.spec.ts:94:3 › Parcours Commande Restaurant › Doit permettre de gérer les quantités depuis la page plat 

    Test timeout of 30000ms exceeded.

    Error: page.goto: net::ERR_ABORTED; maybe frame was detached?
    Call log:
      - navigating to "http://localhost:3004/utilisateur/restaurant/1", waiting until "load"


       95 |     page,
       96 |   }) => {
    >  97 |     await page.goto("/utilisateur/restaurant/1");
          |                ^
       98 |     await page.waitForLoadState("networkidle");
       99 |
      100 |     const firstDish = page
        at C:\Users\ethan\ProjectFront\projectFront\tests\e2e\restaurant-order.spec.ts:97:16

    attachment #1: video (video/webm) ──────────────────────────────────────────────────────────────
    ..\..\test-results\restaurant-order-Parcours--44b62-antités-depuis-la-page-plat-chromium\video.webm
    ────────────────────────────────────────────────────────────────────────────────────────────────
]]>
</failure>
<system-out>
<![CDATA[
[[ATTACHMENT|restaurant-order-Parcours--44b62-antités-depuis-la-page-plat-chromium\video.webm]]
]]>
</system-out>
</testcase>
<testcase name="Parcours Commande Restaurant › Doit afficher les informations nutritionnelles et allergènes" classname="restaurant-order.spec.ts" time="31.619">
<failure message="restaurant-order.spec.ts:136:3 Doit afficher les informations nutritionnelles et allergènes" type="FAILURE">
<![CDATA[  [chromium] › restaurant-order.spec.ts:136:3 › Parcours Commande Restaurant › Doit afficher les informations nutritionnelles et allergènes 

    Test timeout of 30000ms exceeded while running "beforeEach" hook.

       6 |  */
       7 | test.describe("Parcours Commande Restaurant", () => {
    >  8 |   test.beforeEach(async ({ page }) => {
         |        ^
       9 |     // Aller directement aux restaurants pour les tests
      10 |     await page.goto("/utilisateur/restaurant");
      11 |     await page.waitForLoadState("networkidle");
        at C:\Users\ethan\ProjectFront\projectFront\tests\e2e\restaurant-order.spec.ts:8:8

    attachment #1: screenshot (image/png) ──────────────────────────────────────────────────────────
    ..\..\test-results\restaurant-order-Parcours--50941-tritionnelles-et-allergènes-chromium\test-failed-1.png
    ────────────────────────────────────────────────────────────────────────────────────────────────

    attachment #2: video (video/webm) ──────────────────────────────────────────────────────────────
    ..\..\test-results\restaurant-order-Parcours--50941-tritionnelles-et-allergènes-chromium\video.webm
    ────────────────────────────────────────────────────────────────────────────────────────────────

    Error Context: ..\..\test-results\restaurant-order-Parcours--50941-tritionnelles-et-allergènes-chromium\error-context.md
]]>
</failure>
<system-out>
<![CDATA[
[[ATTACHMENT|restaurant-order-Parcours--50941-tritionnelles-et-allergènes-chromium\test-failed-1.png]]

[[ATTACHMENT|restaurant-order-Parcours--50941-tritionnelles-et-allergènes-chromium\video.webm]]

[[ATTACHMENT|restaurant-order-Parcours--50941-tritionnelles-et-allergènes-chromium\error-context.md]]
]]>
</system-out>
</testcase>
<testcase name="Parcours Commande Restaurant › Doit permettre la navigation entre plats du même restaurant" classname="restaurant-order.spec.ts" time="32.968">
<failure message="restaurant-order.spec.ts:157:3 Doit permettre la navigation entre plats du même restaurant" type="FAILURE">
<![CDATA[  [chromium] › restaurant-order.spec.ts:157:3 › Parcours Commande Restaurant › Doit permettre la navigation entre plats du même restaurant 

    Test timeout of 30000ms exceeded.

    Error: page.waitForLoadState: Test timeout of 30000ms exceeded.

      159 |   }) => {
      160 |     await page.goto("/utilisateur/restaurant/1");
    > 161 |     await page.waitForLoadState("networkidle");
          |                ^
      162 |
      163 |     // Vérifier qu'il y a plusieurs plats disponibles
      164 |     const dishCards = page.locator('[data-testid="dish-card"], .dish-card');
        at C:\Users\ethan\ProjectFront\projectFront\tests\e2e\restaurant-order.spec.ts:161:16

    attachment #1: screenshot (image/png) ──────────────────────────────────────────────────────────
    ..\..\test-results\restaurant-order-Parcours--97701-re-plats-du-même-restaurant-chromium\test-failed-1.png
    ────────────────────────────────────────────────────────────────────────────────────────────────

    attachment #2: video (video/webm) ──────────────────────────────────────────────────────────────
    ..\..\test-results\restaurant-order-Parcours--97701-re-plats-du-même-restaurant-chromium\video.webm
    ────────────────────────────────────────────────────────────────────────────────────────────────

    Error Context: ..\..\test-results\restaurant-order-Parcours--97701-re-plats-du-même-restaurant-chromium\error-context.md
]]>
</failure>
<system-out>
<![CDATA[
[[ATTACHMENT|restaurant-order-Parcours--97701-re-plats-du-même-restaurant-chromium\test-failed-1.png]]

[[ATTACHMENT|restaurant-order-Parcours--97701-re-plats-du-même-restaurant-chromium\video.webm]]

[[ATTACHMENT|restaurant-order-Parcours--97701-re-plats-du-même-restaurant-chromium\error-context.md]]
]]>
</system-out>
</testcase>
<testcase name="Parcours Commande Restaurant › Doit gérer les plats indisponibles" classname="restaurant-order.spec.ts" time="31.672">
<failure message="restaurant-order.spec.ts:185:3 Doit gérer les plats indisponibles" type="FAILURE">
<![CDATA[  [chromium] › restaurant-order.spec.ts:185:3 › Parcours Commande Restaurant › Doit gérer les plats indisponibles 

    Test timeout of 30000ms exceeded.

    Error: page.waitForLoadState: Test timeout of 30000ms exceeded.

      185 |   test("Doit gérer les plats indisponibles", async ({ page }) => {
      186 |     await page.goto("/utilisateur/restaurant/1");
    > 187 |     await page.waitForLoadState("networkidle");
          |                ^
      188 |
      189 |     // Vérifier si des plats sont marqués comme indisponibles
      190 |     const unavailableDishes = page.locator("text=/indisponible|rupture/i");
        at C:\Users\ethan\ProjectFront\projectFront\tests\e2e\restaurant-order.spec.ts:187:16

    attachment #1: screenshot (image/png) ──────────────────────────────────────────────────────────
    ..\..\test-results\restaurant-order-Parcours--ea9c8-rer-les-plats-indisponibles-chromium\test-failed-1.png
    ────────────────────────────────────────────────────────────────────────────────────────────────

    attachment #2: video (video/webm) ──────────────────────────────────────────────────────────────
    ..\..\test-results\restaurant-order-Parcours--ea9c8-rer-les-plats-indisponibles-chromium\video.webm
    ────────────────────────────────────────────────────────────────────────────────────────────────

    Error Context: ..\..\test-results\restaurant-order-Parcours--ea9c8-rer-les-plats-indisponibles-chromium\error-context.md
]]>
</failure>
<system-out>
<![CDATA[
[[ATTACHMENT|restaurant-order-Parcours--ea9c8-rer-les-plats-indisponibles-chromium\test-failed-1.png]]

[[ATTACHMENT|restaurant-order-Parcours--ea9c8-rer-les-plats-indisponibles-chromium\video.webm]]

[[ATTACHMENT|restaurant-order-Parcours--ea9c8-rer-les-plats-indisponibles-chromium\error-context.md]]
]]>
</system-out>
</testcase>
</testsuite>
</testsuites>